warn: 2023-07-01 10:35:29.2423194 +08:00 星期六 L System.Logging.ScheduleService[0] #1
      [Furion.Pure.dll] void Furion.Schedule.ScheduleLogger.Log(LogLevel logLevel, string message, object[] args, Exception ex)
      Schedule hosted service preload completed, and a total of <4> schedulers are appended.
warn: 2023-07-01 10:36:04.2867834 +08:00 星期六 L System.Logging.ScheduleService[0] #1
      [Furion.Pure.dll] void Furion.Schedule.ScheduleLogger.Log(LogLevel logLevel, string message, object[] args, Exception ex)
      Schedule hosted service preload completed, and a total of <4> schedulers are appended.
warn: 2023-07-01 10:37:20.0346157 +08:00 星期六 L Microsoft.AspNetCore.Server.Kestrel[0] #30
      [Microsoft.Extensions.Logging.Abstractions.dll] void Microsoft.Extensions.Logging.LoggerExtensions.LogWarning(ILogger logger, EventId eventId, Exception exception, string message, params object[] args)
      Connection processing ended abnormally.      
      ++++++++++++++++++++++++++++++++++++++++++++++++++++++++
      System.Net.Sockets.SocketException (995): 由于线程退出或应用程序请求，已中止 I/O 操作。
         at Microsoft.AspNetCore.Server.Kestrel.Transport.Sockets.Internal.SocketAwaitableEventArgs.<GetResult>g__ThrowSocketException|5_0(SocketError e)
         at Microsoft.AspNetCore.Server.Kestrel.Transport.Sockets.Internal.SocketAwaitableEventArgs.GetResult(Int16 token)
         at Microsoft.AspNetCore.Server.Kestrel.Transport.Sockets.Internal.SocketConnection.DoReceive()
         at System.IO.Pipelines.Pipe.GetReadResult(ReadResult& result)
         at System.IO.Pipelines.Pipe.GetReadAsyncResult()
         at System.IO.Pipelines.Pipe.DefaultPipeReader.GetResult(Int16 token)
         at Microsoft.AspNetCore.Server.Kestrel.Core.Internal.Http.HttpProtocol.ProcessRequests[TContext](IHttpApplication`1 application)
         at Microsoft.AspNetCore.Server.Kestrel.Core.Internal.Http.HttpProtocol.ProcessRequestsAsync[TContext](IHttpApplication`1 application)
      ++++++++++++++++++++++++++++++++++++++++++++++++++++++++
warn: 2023-07-01 10:45:45.2022294 +08:00 星期六 L System.Logging.ScheduleService[0] #1
      [Furion.Pure.dll] void Furion.Schedule.ScheduleLogger.Log(LogLevel logLevel, string message, object[] args, Exception ex)
      Schedule hosted service preload completed, and a total of <4> schedulers are appended.
warn: 2023-07-01 10:46:47.1307753 +08:00 星期六 L System.Logging.ScheduleService[0] #1
      [Furion.Pure.dll] void Furion.Schedule.ScheduleLogger.Log(LogLevel logLevel, string message, object[] args, Exception ex)
      Schedule hosted service preload completed, and a total of <4> schedulers are appended.
warn: 2023-07-01 10:52:49.6098673 +08:00 星期六 L System.Logging.ScheduleService[0] #1
      [Furion.Pure.dll] void Furion.Schedule.ScheduleLogger.Log(LogLevel logLevel, string message, object[] args, Exception ex)
      Schedule hosted service preload completed, and a total of <4> schedulers are appended.
warn: 2023-07-01 11:12:28.3506234 +08:00 星期六 L System.Logging.ScheduleService[0] #1
      [Furion.Pure.dll] void Furion.Schedule.ScheduleLogger.Log(LogLevel logLevel, string message, object[] args, Exception ex)
      Schedule hosted service preload completed, and a total of <4> schedulers are appended.
